1:[ # 指定した素数リストを作成するクラス、メソッドを作成 ]
2:[ # 個数が1以下の場合は空のリスト作成してください。クラス名はPrimeNumber  メソッドはgenerate(number) ]
3:[ # 以下は、指定された素数リストを作成するPrimeNumberクラスの実装例です。 ]
4:[ # generate(number)メソッドは、与えられた数以下の素数をすべて格納したリストを返します。 ]
5:[ # この実装では、is_prime(n)メソッドを使って、指定された数が素数かどうかを判定しています。 ]
6:[ # is_prime(n)メソッドは、渡された数が1以下の場合はFalseを返します。 ]
7:[ # 渡された数が2以上の場合は、2から平方根までのすべての数で割り切れるかどうかを判定しています。 ]
8:[ # 割り切れる場合はFalseを返します。すべての数で割り切れない場合は、素数と判定してTrueを返します。 ]
9:[ # generate(number)メソッドは、指定された数以下の素数をすべて格納したリストを返します。 ]
10:[ # 個数が1以下の場合は空のリストを返します。 ]
11:[ # generate(number)メソッドでは、2から指定された数までのすべての数について、 ]
12:[ # is_prime(n)メソッドを呼び出し、素数の場合はリストに追加しています。最終的に、素数リストを返しています。 ]
13:[ class PrimeNumber: ]
14:[     @staticmethod ]
15:[     def is_prime(n): ]
16:[         """Check if a number is prime""" ]
17:[         if n < 2: ]
18:[             return False ]
19:[         for i in range(2, int(n**0.5) + 1): ]
20:[             if n % i == 0: ]
21:[                 return False ]
22:[         return True ]
23:[  ]
24:[     @staticmethod ]
25:[     def generate(number): ]
26:[         """Generate prime numbers up to the given number""" ]
27:[         primes = [] ]
28:[         if number > 1: ]
29:[             for i in range(2, number+1): ]
30:[                 if PrimeNumber.is_prime(i): ]
31:[                     primes.append(i) ]
32:[         return primes ]
