# No.1 ###############################
a1= 0.56
a2= 0.6000000000000001
# No.2 ###############################
type(w)= <class 'numpy.ndarray'>
w.shape= (3, 2)
w= [[0.2 0.5]
 [0.3 0.4]
 [0.7 0.8]]
----------------------
type(x)= <class 'numpy.ndarray'>
x.shape= (2,)
x= [0.8 0.4]
----------------------
type(b)= <class 'numpy.ndarray'>
b.shape= (3,)
b= [0.2 0.5 0.4]
----------------------
type(a)= <class 'numpy.ndarray'>
a.shape= (3,)
a= [0.56 0.9  1.28]
----------------------
type(aa)= <class 'numpy.ndarray'>
aa.shape= (3,)
aa= [0.56 0.9  1.28]
----------------------
sigmoid(a)= [0.63645254 0.7109495  0.78244978]
